2025-07-09 19:53:26,848 - __main__ - INFO - 正在加载TensorFlow模型...
2025-07-09 19:53:32,412 - __main__ - INFO - 模型加载成功!
2025-07-09 19:53:32,413 - __main__ - INFO - 模型输入: inputs, 输出: output_0
2025-07-09 19:53:32,414 - __main__ - INFO - 启动服务 | 线程池大小: 4
2025-07-09 19:54:04,236 - __main__ - INFO - 关闭线程池执行器...
2025-07-09 19:54:04,236 - __main__ - INFO - 服务已安全关闭
2025-07-09 19:54:08,436 - __main__ - INFO - 正在加载TensorFlow模型...
2025-07-09 19:54:13,806 - __main__ - INFO - 模型加载成功!
2025-07-09 19:54:13,807 - __main__ - INFO - 模型输入: inputs, 输出: output_0
2025-07-09 19:54:13,808 - __main__ - INFO - 启动服务 | 线程池大小: 4
2025-07-09 19:54:51,410 - __main__ - INFO - 关闭线程池执行器...
2025-07-09 19:54:51,411 - __main__ - INFO - 服务已安全关闭
2025-07-09 19:54:55,633 - __main__ - INFO - 正在加载TensorFlow模型...
2025-07-09 19:55:01,131 - __main__ - INFO - 模型加载成功!
2025-07-09 19:55:01,131 - __main__ - INFO - 模型输入: inputs, 输出: output_0
2025-07-09 19:55:01,132 - __main__ - INFO - 启动服务 | 线程池大小: 4
2025-07-09 19:56:28,551 - __main__ - INFO - 关闭线程池执行器...
2025-07-09 19:56:28,552 - __main__ - INFO - 服务已安全关闭
2025-07-09 20:37:54,535 - online_utils.model_config - INFO - 正在加载TensorFlow模型...
2025-07-09 20:38:00,566 - online_utils.model_config - ERROR - 模型加载失败: 'NoneType' object has no attribute 'info'
2025-07-09 20:38:24,417 - online_utils.model_config - INFO - 正在加载TensorFlow模型...
2025-07-09 20:38:29,829 - online_utils.model_config - INFO - 模型已经加载，输入尺寸: (672, 12), 输入名称: inputs, 输出名称: output_0
2025-07-09 20:38:29,831 - online_utils.model_config - INFO - Starting Flask server
2025-07-09 20:38:32,910 - online_utils.model_config - INFO - 正在加载TensorFlow模型...
2025-07-09 20:38:38,383 - online_utils.model_config - INFO - 模型已经加载，输入尺寸: (672, 12), 输入名称: inputs, 输出名称: output_0
2025-07-09 20:38:38,384 - online_utils.model_config - INFO - Starting Flask server
2025-07-09 20:39:18,795 - online_utils.model_config - INFO - Received prediction request
2025-07-09 20:39:18,799 - online_utils.model_config - ERROR - Async prediction failed: name 'inference_fn' is not defined
2025-07-09 20:39:18,957 - online_utils.model_config - INFO - 关闭线程池执行器...
2025-07-09 20:39:18,957 - online_utils.model_config - INFO - 服务已安全关闭
2025-07-09 20:39:22,664 - online_utils.model_config - INFO - 正在加载TensorFlow模型...
2025-07-09 20:39:28,185 - online_utils.model_config - INFO - 模型已经加载，输入尺寸: (672, 12), 输入名称: inputs, 输出名称: output_0
2025-07-09 20:39:28,186 - online_utils.model_config - INFO - Starting Flask server
2025-07-09 20:39:29,099 - online_utils.model_config - INFO - Received prediction request
2025-07-09 20:39:29,104 - online_utils.model_config - ERROR - Async prediction failed: name 'inference_fn' is not defined
2025-07-09 20:53:58,539 - online_utils.model_config - INFO - 关闭线程池执行器...
2025-07-09 20:53:58,541 - online_utils.model_config - INFO - 服务已安全关闭
2025-07-09 20:54:01,615 - online_utils.model_config - INFO - 关闭线程池执行器...
2025-07-09 20:54:01,616 - online_utils.model_config - INFO - 服务已安全关闭
2025-07-09 20:57:03,612 - online_utils.model_config - INFO - 正在加载TensorFlow模型...
2025-07-09 20:57:09,923 - online_utils.model_config - INFO - 模型已经加载，输入尺寸: (672, 12), 输入名称: inputs, 输出名称: output_0
2025-07-09 20:57:09,924 - online_utils.model_config - INFO - Starting Flask server
2025-07-09 20:57:13,548 - online_utils.model_config - INFO - 正在加载TensorFlow模型...
2025-07-09 20:57:19,527 - online_utils.model_config - INFO - 模型已经加载，输入尺寸: (672, 12), 输入名称: inputs, 输出名称: output_0
2025-07-09 20:57:19,529 - online_utils.model_config - INFO - Starting Flask server
2025-07-09 21:02:09,776 - online_utils.model_config - INFO - Received prediction request
2025-07-09 21:02:09,777 - online_utils.model_config - ERROR - Async prediction failed: Dimension 0 mismatch. Expected 672, got 1
2025-07-09 21:02:09,778 - online_utils.model_config - ERROR - Input validation failed: Dimension 0 mismatch. Expected 672, got 1
2025-07-09 21:02:09,978 - online_utils.model_config - INFO - 关闭线程池执行器...
2025-07-09 21:02:09,979 - online_utils.model_config - INFO - 服务已安全关闭
2025-07-09 21:02:14,131 - online_utils.model_config - INFO - 正在加载TensorFlow模型...
2025-07-09 21:02:19,236 - online_utils.model_config - INFO - 模型已经加载，输入尺寸: (672, 12), 输入名称: inputs, 输出名称: output_0
2025-07-09 21:02:19,236 - online_utils.model_config - INFO - Starting Flask server
2025-07-09 21:04:15,646 - online_utils.model_config - INFO - 关闭线程池执行器...
2025-07-09 21:04:15,646 - online_utils.model_config - INFO - 服务已安全关闭
2025-07-09 21:04:18,973 - online_utils.model_config - INFO - 正在加载TensorFlow模型...
2025-07-09 21:04:23,849 - online_utils.model_config - INFO - 模型已经加载，输入尺寸: (672, 12), 输入名称: inputs, 输出名称: output_0
2025-07-09 21:04:23,850 - online_utils.model_config - INFO - Starting Flask server
2025-07-09 21:04:23,898 - online_utils.model_config - INFO - Received prediction request
2025-07-09 21:04:24,381 - online_utils.model_config - INFO - Prediction successful
2025-07-09 21:06:55,222 - online_utils.model_config - INFO - Received prediction request
2025-07-09 21:06:55,310 - online_utils.model_config - INFO - Prediction successful
2025-07-09 21:06:55,753 - online_utils.model_config - INFO - 关闭线程池执行器...
2025-07-09 21:06:55,753 - online_utils.model_config - INFO - 服务已安全关闭
2025-07-09 21:06:59,055 - online_utils.model_config - INFO - 正在加载TensorFlow模型...
2025-07-09 21:07:03,603 - online_utils.model_config - INFO - 模型已经加载，输入尺寸: (672, 12), 输入名称: inputs, 输出名称: output_0
2025-07-09 21:07:03,603 - online_utils.model_config - INFO - Starting Flask server
2025-07-09 21:12:16,463 - online_utils.model_config - INFO - 关闭线程池执行器...
2025-07-09 21:12:16,463 - online_utils.model_config - INFO - 服务已安全关闭
2025-07-09 21:12:19,698 - online_utils.model_config - INFO - 正在加载TensorFlow模型...
2025-07-09 21:12:24,618 - online_utils.model_config - INFO - 模型已经加载，输入尺寸: (672, 12), 输入名称: inputs, 输出名称: output_0
2025-07-09 21:12:24,618 - online_utils.model_config - INFO - Starting Flask server
2025-07-09 21:13:08,112 - online_utils.model_config - INFO - 关闭线程池执行器...
2025-07-09 21:13:08,112 - online_utils.model_config - INFO - 服务已安全关闭
2025-07-09 21:13:11,449 - online_utils.model_config - INFO - 正在加载TensorFlow模型...
2025-07-09 21:13:16,183 - online_utils.model_config - INFO - 模型已经加载，输入尺寸: (672, 12), 输入名称: inputs, 输出名称: output_0
2025-07-09 21:13:16,183 - online_utils.model_config - INFO - Starting Flask server
2025-07-09 21:13:16,230 - online_utils.model_config - INFO - Received prediction request
2025-07-09 21:13:16,624 - online_utils.model_config - INFO - Prediction successful
2025-07-09 21:14:14,935 - online_utils.model_config - INFO - 关闭线程池执行器...
2025-07-09 21:14:14,936 - online_utils.model_config - INFO - 服务已安全关闭
2025-07-09 21:14:18,295 - online_utils.model_config - INFO - 正在加载TensorFlow模型...
2025-07-09 21:14:22,961 - online_utils.model_config - INFO - 模型已经加载，输入尺寸: (672, 12), 输入名称: inputs, 输出名称: output_0
2025-07-09 21:14:22,962 - online_utils.model_config - INFO - Starting Flask server
2025-07-09 21:18:10,966 - online_utils.model_config - INFO - 关闭线程池执行器...
2025-07-09 21:18:10,967 - online_utils.model_config - INFO - 服务已安全关闭
2025-07-09 21:18:11,710 - online_utils.model_config - INFO - 关闭线程池执行器...
2025-07-09 21:18:11,711 - online_utils.model_config - INFO - 服务已安全关闭
2025-07-09 21:29:36,574 - online_utils.model_config - INFO - 正在加载TensorFlow模型...
2025-07-09 21:29:41,268 - online_utils.model_config - INFO - 模型已经加载，输入尺寸: (672, 12), 输入名称: inputs, 输出名称: output_0
2025-07-09 21:29:41,269 - online_utils.model_config - INFO - Starting Flask server
2025-07-09 21:29:44,069 - online_utils.model_config - INFO - 正在加载TensorFlow模型...
2025-07-09 21:29:48,855 - online_utils.model_config - INFO - 模型已经加载，输入尺寸: (672, 12), 输入名称: inputs, 输出名称: output_0
2025-07-09 21:29:48,856 - online_utils.model_config - INFO - Starting Flask server
2025-07-09 21:34:42,114 - online_utils.model_config - INFO - 正在加载TensorFlow模型...
2025-07-09 21:34:46,811 - online_utils.model_config - INFO - 模型已经加载，输入尺寸: (672, 12), 输入名称: inputs, 输出名称: output_0
2025-07-09 21:34:46,811 - online_utils.model_config - INFO - Starting Flask server
2025-07-09 21:34:49,496 - online_utils.model_config - INFO - 正在加载TensorFlow模型...
2025-07-09 21:34:52,970 - online_utils.model_config - INFO - 关闭线程池执行器...
2025-07-09 21:34:52,970 - online_utils.model_config - INFO - 服务已安全关闭
2025-07-09 21:34:53,268 - online_utils.model_config - INFO - 关闭线程池执行器...
2025-07-09 21:34:53,268 - online_utils.model_config - INFO - 服务已安全关闭
2025-07-09 21:34:56,787 - online_utils.model_config - INFO - 正在加载TensorFlow模型...
2025-07-09 21:35:01,703 - online_utils.model_config - INFO - 模型已经加载，输入尺寸: (672, 12), 输入名称: inputs, 输出名称: output_0
2025-07-09 21:35:01,704 - online_utils.model_config - INFO - Starting Flask server
2025-07-09 21:35:01,735 - online_utils.model_config - INFO - Received prediction request
2025-07-09 21:35:02,106 - online_utils.model_config - INFO - Prediction successful
2025-07-09 21:35:43,184 - online_utils.model_config - INFO - 关闭线程池执行器...
2025-07-09 21:35:43,184 - online_utils.model_config - INFO - 服务已安全关闭
2025-07-09 21:35:46,975 - online_utils.model_config - INFO - 正在加载TensorFlow模型...
2025-07-09 21:35:51,753 - online_utils.model_config - INFO - 模型已经加载，输入尺寸: (672, 12), 输入名称: inputs, 输出名称: output_0
2025-07-09 21:35:51,754 - online_utils.model_config - INFO - Starting Flask server
2025-07-09 21:35:58,866 - online_utils.model_config - INFO - 关闭线程池执行器...
2025-07-09 21:35:58,866 - online_utils.model_config - INFO - 服务已安全关闭
2025-07-09 21:36:02,209 - online_utils.model_config - INFO - 正在加载TensorFlow模型...
2025-07-09 21:36:06,884 - online_utils.model_config - INFO - 模型已经加载，输入尺寸: (672, 12), 输入名称: inputs, 输出名称: output_0
2025-07-09 21:36:06,885 - online_utils.model_config - INFO - Starting Flask server
2025-07-09 21:36:06,914 - online_utils.model_config - INFO - Received prediction request
2025-07-09 21:36:06,916 - online_utils.model_config - ERROR - Async prediction failed: Dimension 0 mismatch. Expected 672, got 1
2025-07-09 21:36:06,917 - online_utils.model_config - ERROR - Input validation failed: Dimension 0 mismatch. Expected 672, got 1
2025-07-09 21:36:24,929 - online_utils.model_config - INFO - Received prediction request
2025-07-09 21:36:24,993 - online_utils.model_config - ERROR - Async prediction failed: Input rank mismatch. Expected 2 dimensions, got 3
2025-07-09 21:36:24,994 - online_utils.model_config - ERROR - Input validation failed: Input rank mismatch. Expected 2 dimensions, got 3
2025-07-09 21:36:25,136 - online_utils.model_config - INFO - 关闭线程池执行器...
2025-07-09 21:36:25,136 - online_utils.model_config - INFO - 服务已安全关闭
2025-07-09 21:36:28,351 - online_utils.model_config - INFO - 正在加载TensorFlow模型...
2025-07-09 21:36:33,077 - online_utils.model_config - INFO - 模型已经加载，输入尺寸: (672, 12), 输入名称: inputs, 输出名称: output_0
2025-07-09 21:36:33,078 - online_utils.model_config - INFO - Starting Flask server
2025-07-09 21:36:33,202 - online_utils.model_config - INFO - Received prediction request
2025-07-09 21:36:33,279 - online_utils.model_config - ERROR - Async prediction failed: Input rank mismatch. Expected 2 dimensions, got 3
2025-07-09 21:36:33,279 - online_utils.model_config - ERROR - Input validation failed: Input rank mismatch. Expected 2 dimensions, got 3
2025-07-09 21:36:43,160 - online_utils.model_config - INFO - Received prediction request
2025-07-09 21:36:43,530 - online_utils.model_config - INFO - Prediction successful
2025-07-09 21:36:43,530 - online_utils.model_config - INFO - 关闭线程池执行器...
2025-07-09 21:36:43,531 - online_utils.model_config - INFO - 服务已安全关闭
2025-07-09 21:36:46,821 - online_utils.model_config - INFO - 正在加载TensorFlow模型...
2025-07-09 21:36:51,491 - online_utils.model_config - INFO - 模型已经加载，输入尺寸: (672, 12), 输入名称: inputs, 输出名称: output_0
2025-07-09 21:36:51,491 - online_utils.model_config - INFO - Starting Flask server
2025-07-09 21:44:46,865 - online_utils.model_config - INFO - 关闭线程池执行器...
2025-07-09 21:44:46,865 - online_utils.model_config - INFO - 服务已安全关闭
2025-07-09 21:44:50,306 - online_utils.model_config - INFO - 正在加载TensorFlow模型...
2025-07-09 21:44:54,965 - online_utils.model_config - INFO - 模型已经加载，输入尺寸: (672, 12), 输入名称: inputs, 输出名称: output_0
2025-07-09 21:44:54,966 - online_utils.model_config - INFO - Starting Flask server
2025-07-09 21:44:55,021 - online_utils.model_config - INFO - Received prediction request
2025-07-09 21:44:55,389 - online_utils.model_config - INFO - Prediction successful
2025-07-09 21:44:59,493 - online_utils.model_config - INFO - Received prediction request
2025-07-09 21:44:59,571 - online_utils.model_config - INFO - Prediction successful
2025-07-09 21:46:01,807 - online_utils.model_config - INFO - 关闭线程池执行器...
2025-07-09 21:46:01,807 - online_utils.model_config - INFO - 服务已安全关闭
2025-07-09 21:46:05,327 - online_utils.model_config - INFO - 正在加载TensorFlow模型...
2025-07-09 21:46:10,039 - online_utils.model_config - INFO - 模型已经加载，输入尺寸: (672, 12), 输入名称: inputs, 输出名称: output_0
2025-07-09 21:46:10,040 - online_utils.model_config - INFO - Starting Flask server
2025-07-09 21:51:45,100 - online_utils.model_config - INFO - 关闭线程池执行器...
2025-07-09 21:51:45,100 - online_utils.model_config - INFO - 服务已安全关闭
2025-07-09 21:51:48,701 - online_utils.model_config - INFO - 正在加载TensorFlow模型...
2025-07-09 21:51:53,415 - online_utils.model_config - INFO - 模型已经加载，输入尺寸: (672, 12), 输入名称: inputs, 输出名称: output_0
2025-07-09 21:51:53,416 - online_utils.model_config - INFO - Starting Flask server
2025-07-09 21:55:24,979 - online_utils.model_config - INFO - 关闭线程池执行器...
2025-07-09 21:55:24,979 - online_utils.model_config - INFO - 服务已安全关闭
2025-07-09 21:55:28,589 - online_utils.model_config - INFO - 正在加载TensorFlow模型...
2025-07-09 21:55:33,350 - online_utils.model_config - INFO - 模型已经加载，输入尺寸: (672, 12), 输入名称: inputs, 输出名称: output_0
2025-07-09 21:55:33,351 - online_utils.model_config - INFO - Starting Flask server
2025-07-09 22:00:33,179 - online_utils.model_config - INFO - 关闭线程池执行器...
2025-07-09 22:00:33,180 - online_utils.model_config - INFO - 服务已安全关闭
2025-07-09 22:00:36,905 - online_utils.model_config - INFO - 正在加载TensorFlow模型...
2025-07-09 22:00:41,633 - online_utils.model_config - INFO - 模型已经加载，输入尺寸: (672, 12), 输入名称: inputs, 输出名称: output_0
2025-07-09 22:00:41,634 - online_utils.model_config - INFO - Starting Flask server
2025-07-09 22:00:58,860 - online_utils.model_config - INFO - 关闭线程池执行器...
2025-07-09 22:00:58,861 - online_utils.model_config - INFO - 服务已安全关闭
2025-07-09 22:01:02,726 - online_utils.model_config - INFO - 正在加载TensorFlow模型...
2025-07-09 22:01:03,239 - online_utils.model_config - INFO - 关闭线程池执行器...
2025-07-09 22:01:03,239 - online_utils.model_config - INFO - 服务已安全关闭
2025-07-09 22:01:07,429 - online_utils.model_config - INFO - 正在加载TensorFlow模型...
2025-07-09 22:01:12,259 - online_utils.model_config - INFO - 模型已经加载，输入尺寸: (672, 12), 输入名称: inputs, 输出名称: output_0
2025-07-09 22:01:12,260 - online_utils.model_config - INFO - Starting Flask server
2025-07-09 22:01:14,950 - online_utils.model_config - INFO - 正在加载TensorFlow模型...
2025-07-09 22:01:19,541 - online_utils.model_config - INFO - 模型已经加载，输入尺寸: (672, 12), 输入名称: inputs, 输出名称: output_0
2025-07-09 22:01:19,541 - online_utils.model_config - INFO - Starting Flask server
2025-07-09 22:01:22,969 - online_utils.model_config - INFO - Received prediction request
2025-07-09 22:01:23,327 - online_utils.model_config - INFO - Prediction successful
2025-07-09 22:06:53,677 - online_utils.model_config - INFO - 关闭线程池执行器...
2025-07-09 22:06:53,677 - online_utils.model_config - INFO - 服务已安全关闭
2025-07-09 22:06:55,303 - online_utils.model_config - INFO - 关闭线程池执行器...
2025-07-09 22:06:55,303 - online_utils.model_config - INFO - 服务已安全关闭
